
*** Running vivado
    with args -log div_by_3.vds -m64 -product Vivado -mode batch -messageDb vivado.pb -notrace -source div_by_3.tcl



****** Vivado v2023.1 (64-bit)
  **** SW Build 3865809 on Sun May  7 15:05:29 MDT 2023
  **** IP Build 3864474 on Sun May  7 20:36:21 MDT 2023
  **** SharedData Build 3865790 on Sun May 07 13:33:03 MDT 2023
    ** Copyright 1986-2022 Xilinx, Inc. All Rights Reserved.
    ** Copyright 2022-2023 Advanced Micro Devices, Inc. All Rights Reserved.

source div_by_3.tcl -notrace
create_project: Time (s): cpu = 00:00:04 ; elapsed = 00:00:12 . Memory (MB): peak = 1460.363 ; gain = 159.387
Command: synth_design -top div_by_3 -part xczu7ev-ffvc1156-2-e
Starting synth_design
Attempting to get a license for feature 'Synthesis' and/or device 'xczu7ev'
INFO: [Common 17-349] Got license for feature 'Synthesis' and/or device 'xczu7ev'
INFO: [Synth 8-7079] Multithreading enabled for synth_design using a maximum of 2 processes.
INFO: [Synth 8-7078] Launching helper process for spawning children vivado processes
INFO: [Synth 8-7075] Helper process launched with PID 25372
---------------------------------------------------------------------------------
Starting Synthesize : Time (s): cpu = 00:00:04 ; elapsed = 00:00:07 . Memory (MB): peak = 1897.000 ; gain = 411.750
---------------------------------------------------------------------------------
INFO: [Synth 8-6157] synthesizing module 'div_by_3' [C:/Users/abhis/OneDrive/Desktop/my git/Divide-by-three/div_by_3/div_by_3.srcs/sources_1/new/div_by_3.v:23]
INFO: [Synth 8-6155] done synthesizing module 'div_by_3' (0#1) [C:/Users/abhis/OneDrive/Desktop/my git/Divide-by-three/div_by_3/div_by_3.srcs/sources_1/new/div_by_3.v:23]
---------------------------------------------------------------------------------
Finished Synthesize : Time (s): cpu = 00:00:06 ; elapsed = 00:00:10 . Memory (MB): peak = 1987.301 ; gain = 502.051
---------------------------------------------------------------------------------
---------------------------------------------------------------------------------
Finished Constraint Validation : Time (s): cpu = 00:00:06 ; elapsed = 00:00:10 . Memory (MB): peak = 1987.301 ; gain = 502.051
---------------------------------------------------------------------------------
---------------------------------------------------------------------------------
Start Loading Part and Timing Information
---------------------------------------------------------------------------------
Loading part: xczu7ev-ffvc1156-2-e
INFO: [Synth 8-6742] Reading net delay rules and data
---------------------------------------------------------------------------------
Finished Loading Part and Timing Information : Time (s): cpu = 00:00:06 ; elapsed = 00:00:10 . Memory (MB): peak = 1987.301 ; gain = 502.051
---------------------------------------------------------------------------------
INFO: [Device 21-403] Loading part xczu7ev-ffvc1156-2-e
WARNING: [Synth 8-327] inferring latch for variable 'nxt_state_reg' [C:/Users/abhis/OneDrive/Desktop/my git/Divide-by-three/div_by_3/div_by_3.srcs/sources_1/new/div_by_3.v:57]
---------------------------------------------------------------------------------
Finished RTL Optimization Phase 2 : Time (s): cpu = 00:00:06 ; elapsed = 00:00:10 . Memory (MB): peak = 1987.301 ; gain = 502.051
---------------------------------------------------------------------------------
No constraint files found.
---------------------------------------------------------------------------------
Start RTL Component Statistics 
---------------------------------------------------------------------------------
Detailed RTL Component Info : 
+---Registers : 
	                2 Bit    Registers := 1     
+---Muxes : 
	   6 Input    2 Bit        Muxes := 1     
	   4 Input    1 Bit        Muxes := 2     
---------------------------------------------------------------------------------
Finished RTL Component Statistics 
---------------------------------------------------------------------------------
---------------------------------------------------------------------------------
Start Part Resource Summary
---------------------------------------------------------------------------------
Part Resources:
DSPs: 1728 (col length:144)
BRAMs: 624 (col length: RAMB18 144 RAMB36 72)
---------------------------------------------------------------------------------
Finished Part Resource Summary
---------------------------------------------------------------------------------
No constraint files found.
---------------------------------------------------------------------------------
Start Cross Boundary and Area Optimization
---------------------------------------------------------------------------------
WARNING: [Synth 8-7080] Parallel synthesis criteria is not met
WARNING: [Synth 8-3332] Sequential element (nxt_state_reg[1]) is unused and will be removed from module div_by_3.
WARNING: [Synth 8-3332] Sequential element (nxt_state_reg[0]) is unused and will be removed from module div_by_3.
CRITICAL WARNING: [Synth 8-6859] multi-driven net on pin Q with 1st driver pin 'nxt_state_reg[1]__0/Q' [C:/Users/abhis/OneDrive/Desktop/my git/Divide-by-three/div_by_3/div_by_3.srcs/sources_1/new/div_by_3.v:40]
CRITICAL WARNING: [Synth 8-6859] multi-driven net on pin Q with 2nd driver pin 'GND' [C:/Users/abhis/OneDrive/Desktop/my git/Divide-by-three/div_by_3/div_by_3.srcs/sources_1/new/div_by_3.v:40]
CRITICAL WARNING: [Synth 8-6858] multi-driven net Q is connected to at least one constant driver which has been preserved, other driver is ignored [C:/Users/abhis/OneDrive/Desktop/my git/Divide-by-three/div_by_3/div_by_3.srcs/sources_1/new/div_by_3.v:40]
CRITICAL WARNING: [Synth 8-6859] multi-driven net on pin Q with 1st driver pin 'nxt_state_reg[0]__0/Q' [C:/Users/abhis/OneDrive/Desktop/my git/Divide-by-three/div_by_3/div_by_3.srcs/sources_1/new/div_by_3.v:40]
CRITICAL WARNING: [Synth 8-6859] multi-driven net on pin Q with 2nd driver pin 'GND' [C:/Users/abhis/OneDrive/Desktop/my git/Divide-by-three/div_by_3/div_by_3.srcs/sources_1/new/div_by_3.v:40]
CRITICAL WARNING: [Synth 8-6858] multi-driven net Q is connected to at least one constant driver which has been preserved, other driver is ignored [C:/Users/abhis/OneDrive/Desktop/my git/Divide-by-three/div_by_3/div_by_3.srcs/sources_1/new/div_by_3.v:40]
---------------------------------------------------------------------------------
Finished Cross Boundary and Area Optimization : Time (s): cpu = 00:00:13 ; elapsed = 00:00:28 . Memory (MB): peak = 2923.539 ; gain = 1438.289
---------------------------------------------------------------------------------
No constraint files found.
---------------------------------------------------------------------------------
Start Timing Optimization
---------------------------------------------------------------------------------
---------------------------------------------------------------------------------
Finished Timing Optimization : Time (s): cpu = 00:00:13 ; elapsed = 00:00:28 . Memory (MB): peak = 2923.539 ; gain = 1438.289
---------------------------------------------------------------------------------
---------------------------------------------------------------------------------
Start Technology Mapping
---------------------------------------------------------------------------------
---------------------------------------------------------------------------------
Finished Technology Mapping : Time (s): cpu = 00:00:13 ; elapsed = 00:00:28 . Memory (MB): peak = 2923.539 ; gain = 1438.289
---------------------------------------------------------------------------------
---------------------------------------------------------------------------------
Start IO Insertion
---------------------------------------------------------------------------------
---------------------------------------------------------------------------------
Start Flattening Before IO Insertion
---------------------------------------------------------------------------------
---------------------------------------------------------------------------------
Finished Flattening Before IO Insertion
---------------------------------------------------------------------------------
---------------------------------------------------------------------------------
Start Final Netlist Cleanup
---------------------------------------------------------------------------------
---------------------------------------------------------------------------------
Finished Final Netlist Cleanup
---------------------------------------------------------------------------------
---------------------------------------------------------------------------------
Finished IO Insertion : Time (s): cpu = 00:00:17 ; elapsed = 00:00:32 . Memory (MB): peak = 2923.539 ; gain = 1438.289
---------------------------------------------------------------------------------
---------------------------------------------------------------------------------
Start Renaming Generated Instances
---------------------------------------------------------------------------------
---------------------------------------------------------------------------------
Finished Renaming Generated Instances : Time (s): cpu = 00:00:17 ; elapsed = 00:00:32 . Memory (MB): peak = 2923.539 ; gain = 1438.289
---------------------------------------------------------------------------------
---------------------------------------------------------------------------------
Start Rebuilding User Hierarchy
---------------------------------------------------------------------------------
---------------------------------------------------------------------------------
Finished Rebuilding User Hierarchy : Time (s): cpu = 00:00:17 ; elapsed = 00:00:32 . Memory (MB): peak = 2923.539 ; gain = 1438.289
---------------------------------------------------------------------------------
---------------------------------------------------------------------------------
Start Renaming Generated Ports
---------------------------------------------------------------------------------
---------------------------------------------------------------------------------
Finished Renaming Generated Ports : Time (s): cpu = 00:00:17 ; elapsed = 00:00:32 . Memory (MB): peak = 2923.539 ; gain = 1438.289
---------------------------------------------------------------------------------
---------------------------------------------------------------------------------
Start Handling Custom Attributes
---------------------------------------------------------------------------------
---------------------------------------------------------------------------------
Finished Handling Custom Attributes : Time (s): cpu = 00:00:17 ; elapsed = 00:00:32 . Memory (MB): peak = 2923.539 ; gain = 1438.289
---------------------------------------------------------------------------------
---------------------------------------------------------------------------------
Start Renaming Generated Nets
---------------------------------------------------------------------------------
---------------------------------------------------------------------------------
Finished Renaming Generated Nets : Time (s): cpu = 00:00:17 ; elapsed = 00:00:32 . Memory (MB): peak = 2923.539 ; gain = 1438.289
---------------------------------------------------------------------------------
---------------------------------------------------------------------------------
Start Writing Synthesis Report
---------------------------------------------------------------------------------

Report BlackBoxes: 
+-+--------------+----------+
| |BlackBox name |Instances |
+-+--------------+----------+
+-+--------------+----------+

Report Cell Usage: 
+------+-----+------+
|      |Cell |Count |
+------+-----+------+
|1     |LUT1 |     1|
|2     |IBUF |     1|
|3     |OBUF |     1|
+------+-----+------+

Report Instance Areas: 
+------+---------+-------+------+
|      |Instance |Module |Cells |
+------+---------+-------+------+
|1     |top      |       |     3|
+------+---------+-------+------+
---------------------------------------------------------------------------------
Finished Writing Synthesis Report : Time (s): cpu = 00:00:17 ; elapsed = 00:00:32 . Memory (MB): peak = 2923.539 ; gain = 1438.289
---------------------------------------------------------------------------------
Synthesis finished with 0 errors, 6 critical warnings and 4 warnings.
Synthesis Optimization Runtime : Time (s): cpu = 00:00:17 ; elapsed = 00:00:32 . Memory (MB): peak = 2923.539 ; gain = 1438.289
Synthesis Optimization Complete : Time (s): cpu = 00:00:17 ; elapsed = 00:00:32 . Memory (MB): peak = 2923.539 ; gain = 1438.289
INFO: [Project 1-571] Translating synthesized netlist
Netlist sorting complete. Time (s): cpu = 00:00:00 ; elapsed = 00:00:00 . Memory (MB): peak = 2927.219 ; gain = 0.000
INFO: [Netlist 29-17] Analyzing 1 Unisim elements for replacement
INFO: [Netlist 29-28] Unisim Transformation completed in 0 CPU seconds
INFO: [Project 1-570] Preparing netlist for logic optimization
INFO: [Opt 31-138] Pushed 0 inverter(s) to 0 load pin(s).
Netlist sorting complete. Time (s): cpu = 00:00:00 ; elapsed = 00:00:00 . Memory (MB): peak = 2987.562 ; gain = 0.000
INFO: [Project 1-111] Unisim Transformation Summary:
  A total of 1 instances were transformed.
  IBUF => IBUF (IBUFCTRL, INBUF): 1 instance 

Synth Design complete | Checksum: c84c2ab0
INFO: [Common 17-83] Releasing license: Synthesis
15 Infos, 4 Warnings, 6 Critical Warnings and 0 Errors encountered.
synth_design completed successfully
synth_design: Time (s): cpu = 00:00:19 ; elapsed = 00:00:37 . Memory (MB): peak = 2987.562 ; gain = 1527.199
INFO: [runtcl-6] Synthesis results are not added to the cache due to CRITICAL_WARNING
INFO: [Common 17-1381] The checkpoint 'C:/Users/abhis/OneDrive/Desktop/my git/Divide-by-three/div_by_3/div_by_3.runs/synth_1/div_by_3.dcp' has been generated.
INFO: [runtcl-4] Executing : report_utilization -file div_by_3_utilization_synth.rpt -pb div_by_3_utilization_synth.pb
INFO: [Common 17-206] Exiting Vivado at Wed Dec 13 11:22:18 2023...
